Mai 18, 2023 12:05:08 PM at.qe.skeleton.ui.beans.CreateAccessPointBean doCreateNewAccessPoint
INFORMATION: CREATED ACCESSPOINT: 352
Mai 18, 2023 12:05:16 PM at.qe.skeleton.ui.beans.CreateAccessPointBean doCreateNewAccessPoint
INFORMATION: CREATED ACCESSPOINT: 353
Mai 18, 2023 12:05:27 PM at.qe.skeleton.ui.beans.CreatePlantBean doCreateNewPlant
INFORMATION: CREATED PLANT: 603
Mai 18, 2023 12:05:35 PM at.qe.skeleton.ui.beans.CreatePlantBean doCreateNewPlant
INFORMATION: CREATED PLANT: 604
Mai 18, 2023 12:08:49 PM at.qe.skeleton.ui.beans.CreateAccessPointBean doCreateNewAccessPoint
INFORMATION: CREATED ACCESSPOINT: 402
Mai 18, 2023 12:09:09 PM at.qe.skeleton.ui.beans.CreateUserBean createNewUser
INFORMATION: CREATED USER: pleasework
Mai 18, 2023 12:09:47 PM at.qe.skeleton.ui.beans.CreatePlantBean doCreateNewPlant
INFORMATION: CREATED PLANT: 653
Mai 18, 2023 12:11:48 PM at.qe.skeleton.ui.beans.CreateUserBean createNewUser
INFORMATION: CREATED USER: www
Mai 18, 2023 12:12:58 PM at.qe.skeleton.ui.beans.CreateUserBean createNewUser
INFORMATION: CREATED USER: www
Mai 18, 2023 12:57:32 PM at.qe.skeleton.ui.controllers.FileUploadController handleFileUpload
INFORMATION: UPLOADED IMAGE853
Mai 18, 2023 2:08:31 PM at.qe.skeleton.ui.beans.CreatePlantBean doCreateNewPlant
INFORMATION: CREATED PLANT: 100
Mai 18, 2023 2:08:54 PM at.qe.skeleton.ui.beans.CreateSensorStationBean doCreateNewCreateSensorStation
INFORMATION: CREATED SENSOR STATION: SensorStation
Mai 18, 2023 2:10:05 PM at.qe.skeleton.ui.beans.CreateUserBean createNewUser
INFORMATION: CREATED USER: username
Mai 18, 2023 2:23:23 PM at.qe.skeleton.ui.controllers.FileUploadController handleFileUpload
INFORMATION: UPLOADED IMAGE: 903
Mai 18, 2023 2:23:36 PM at.qe.skeleton.ui.controllers.GalleryController approveImage
INFORMATION: IMAGE APPROVED: 753
Mai 18, 2023 2:23:39 PM at.qe.skeleton.ui.controllers.GalleryController approveImage
INFORMATION: IMAGE APPROVED: 803
Mai 18, 2023 2:23:41 PM at.qe.skeleton.ui.controllers.GalleryController approveImage
INFORMATION: IMAGE APPROVED: 853
Mai 18, 2023 2:23:44 PM at.qe.skeleton.ui.controllers.GalleryController approveImage
INFORMATION: IMAGE APPROVED: 903
Mai 18, 2023 2:24:26 PM at.qe.skeleton.ui.controllers.GalleryController doDeleteImage
INFORMATION: IMAGE DELETED: 703
Mai 18, 2023 2:24:27 PM at.qe.skeleton.ui.controllers.GalleryController doDeleteImage
INFORMATION: IMAGE DELETED: 704
Mai 18, 2023 2:24:28 PM at.qe.skeleton.ui.controllers.GalleryController doDeleteImage
INFORMATION: IMAGE DELETED: 753
Mai 18, 2023 2:24:28 PM at.qe.skeleton.ui.controllers.GalleryController doDeleteImage
INFORMATION: IMAGE DELETED: 803
Mai 18, 2023 2:24:29 PM at.qe.skeleton.ui.controllers.GalleryController doDeleteImage
INFORMATION: IMAGE DELETED: 853
Mai 18, 2023 2:24:29 PM at.qe.skeleton.ui.controllers.GalleryController doDeleteImage
INFORMATION: IMAGE DELETED: 903
Mai 18, 2023 3:36:23 PM at.qe.skeleton.ui.controllers.PairingController unpair
INFORMATION: UNPAIRED : AAAAA
Mai 18, 2023 3:41:39 PM at.qe.skeleton.ui.controllers.PairingController unpair
INFORMATION: UNPAIRED : FFFFF
Mai 18, 2023 3:43:31 PM at.qe.skeleton.ui.controllers.PairingController unpair
INFORMATION: UNPAIRED : FFFFF
Mai 18, 2023 3:51:19 PM at.qe.skeleton.ui.controllers.PairingController unpair
INFORMATION: UNPAIRED : AAAAA
Mai 18, 2023 3:53:07 PM at.qe.skeleton.ui.controllers.PairingController unpair
INFORMATION: UNPAIRED : AAAAA
Mai 18, 2023 4:00:51 PM at.qe.skeleton.ui.controllers.PairingController unpair
INFORMATION: UNPAIRED : AAAAA
Mai 18, 2023 4:00:59 PM at.qe.skeleton.ui.controllers.PairingController pair
INFORMATION: SENSOR STATION PAIRED : AAAAA
Mai 18, 2023 4:01:06 PM at.qe.skeleton.ui.controllers.PairingController unpair
INFORMATION: UNPAIRED : AAAAA
Mai 18, 2023 4:04:41 PM at.qe.skeleton.ui.controllers.PairingController pair
INFORMATION: SENSOR STATION PAIRED : AAAAA
Mai 18, 2023 4:05:02 PM at.qe.skeleton.ui.controllers.PairingController unpair
INFORMATION: UNPAIRED : AAAAA
Mai 18, 2023 4:11:34 PM at.qe.skeleton.ui.controllers.PairingController pair
INFORMATION: SENSOR STATION PAIRED : AAAAA
Mai 18, 2023 4:11:37 PM at.qe.skeleton.ui.controllers.PairingController unpair
INFORMATION: UNPAIRED : AAAAA
Mai 18, 2023 4:12:17 PM at.qe.skeleton.ui.controllers.PairingController unpair
INFORMATION: UNPAIRED : FFFFF
Mai 18, 2023 4:34:30 PM at.qe.skeleton.ui.beans.CreatePlantBean doCreateNewPlant
INFORMATION: CREATED PLANT: 953
Mai 18, 2023 4:34:38 PM at.qe.skeleton.ui.controllers.PlantController doDeletePlant
INFORMATION: PLANT DELETED: 953
Mai 18, 2023 4:34:57 PM at.qe.skeleton.ui.beans.CreatePlantBean doCreateNewPlant
INFORMATION: CREATED PLANT: 954
Mai 18, 2023 4:36:25 PM at.qe.skeleton.ui.controllers.PlantController doDeletePlant
INFORMATION: PLANT DELETED: 954
Mai 18, 2023 4:36:46 PM at.qe.skeleton.ui.beans.CreateSensorStationBean doCreateNewCreateSensorStation
INFORMATION: CREATED SENSOR STATION: testss
Mai 18, 2023 4:37:06 PM at.qe.skeleton.ui.controllers.PlantController doDeletePlant
INFORMATION: PLANT DELETED: 955
Mai 18, 2023 4:37:50 PM at.qe.skeleton.ui.beans.CreateSensorStationBean doCreateNewCreateSensorStation
INFORMATION: CREATED SENSOR STATION: testss
Mai 18, 2023 4:38:16 PM at.qe.skeleton.ui.controllers.PlantController doDeletePlant
INFORMATION: PLANT DELETED: 956
Mai 18, 2023 5:28:04 PM at.qe.skeleton.ui.beans.CreateSensorStationBean doCreateNewCreateSensorStation
INFORMATION: CREATED SENSOR STATION: tests
Mai 18, 2023 5:29:28 PM at.qe.skeleton.ui.controllers.PlantController doDeletePlant
INFORMATION: PLANT DELETED: 1003
Mai 18, 2023 5:40:19 PM at.qe.skeleton.ui.beans.CreatePlantBean doCreateNewPlant
INFORMATION: CREATED PLANT: 100
Mai 18, 2023 5:44:17 PM at.qe.skeleton.ui.controllers.AccessPointController doValidateAccessPoint
INFORMATION: ACCESS POINT VALIDATED: 352
Mai 18, 2023 5:44:19 PM at.qe.skeleton.ui.controllers.AccessPointController doDeleteAccessPoint
INFORMATION: DELETED AP: 352
Mai 18, 2023 6:09:01 PM at.qe.skeleton.ui.beans.CreateSensorStationBean doCreateNewCreateSensorStation
INFORMATION: CREATED SENSOR STATION: testss
Mai 18, 2023 6:13:53 PM at.qe.skeleton.ui.beans.CreateSensorStationBean doCreateNewCreateSensorStation
INFORMATION: CREATED SENSOR STATION: testss
Mai 18, 2023 6:14:11 PM at.qe.skeleton.ui.controllers.SensorStationDetailController doChangeThePlantAndSave
INFORMATION: PLANT CREATED: 1103
Mai 18, 2023 6:14:29 PM at.qe.skeleton.ui.controllers.SensorStationDetailController doDeleteSensorStation
INFORMATION: SENSOR STATION DELETED: testss
Mai 18, 2023 6:14:38 PM at.qe.skeleton.ui.controllers.PlantController doDeletePlant
INFORMATION: PLANT DELETED: 1103
Mai 18, 2023 6:14:42 PM at.qe.skeleton.ui.controllers.PlantController doDeletePlant
INFORMATION: PLANT DELETED: 1053
Mai 18, 2023 8:20:41 PM at.qe.skeleton.ui.controllers.FileUploadController handleFileUpload
INFORMATION: UPLOADED IMAGE: 1153
Mai 18, 2023 8:20:53 PM at.qe.skeleton.ui.controllers.GalleryController approveImage
INFORMATION: IMAGE APPROVED: 1153
Mai 18, 2023 8:49:29 PM at.qe.skeleton.ui.beans.CreateSensorStationBean doCreateNewCreateSensorStation
INFORMATION: CREATED SENSOR STATION: testss
Mai 18, 2023 8:49:41 PM at.qe.skeleton.ui.controllers.SensorStationDetailController doChangeThePlantAndSave
INFORMATION: PLANT CREATED: 1203
Mai 18, 2023 8:49:48 PM at.qe.skeleton.services.SensorStationService deleteSensorStation
INFORMATION: SENSOR STATION DELETED: testss
Mai 18, 2023 8:49:48 PM at.qe.skeleton.ui.controllers.SensorStationDetailController doDeleteSensorStation
INFORMATION: SENSOR STATION DELETED: testss
Mai 18, 2023 9:14:30 PM at.qe.skeleton.ui.controllers.FileUploadController handleFileUpload
INFORMATION: UPLOADED IMAGE: 1253
Mai 18, 2023 9:14:46 PM at.qe.skeleton.ui.controllers.GalleryController approveImage
INFORMATION: IMAGE APPROVED: 1253
Mai 18, 2023 9:21:03 PM at.qe.skeleton.ui.beans.CreatePlantBean doCreateNewPlant
INFORMATION: CREATED PLANT: 100
Mai 18, 2023 9:21:13 PM at.qe.skeleton.ui.beans.CreateSensorStationBean doCreateNewCreateSensorStation
INFORMATION: CREATED SENSOR STATION: SensorStation
Mai 18, 2023 9:21:45 PM at.qe.skeleton.ui.beans.CreateUserBean createNewUser
INFORMATION: CREATED USER: username
Mai 18, 2023 9:24:46 PM at.qe.skeleton.ui.beans.CreateAccessPointBean doCreateNewAccessPoint
INFORMATION: CREATED ACCESSPOINT: 1
Mai 18, 2023 9:27:40 PM at.qe.skeleton.ui.beans.CreatePlantBean doCreateNewPlant
INFORMATION: CREATED PLANT: 100
Mai 18, 2023 9:27:54 PM at.qe.skeleton.ui.beans.CreateSensorStationBean doCreateNewCreateSensorStation
INFORMATION: CREATED SENSOR STATION: SensorStation
Mai 18, 2023 9:28:15 PM at.qe.skeleton.ui.beans.CreateAccessPointBean doCreateNewAccessPoint
INFORMATION: CREATED ACCESSPOINT: 1
Mai 18, 2023 9:28:30 PM at.qe.skeleton.ui.beans.CreateUserBean createNewUser
INFORMATION: CREATED USER: username
Mai 18, 2023 9:32:13 PM at.qe.skeleton.ui.beans.CreateUserBean createNewUser
INFORMATION: CREATED USER: username
Mai 18, 2023 9:33:11 PM at.qe.skeleton.ui.beans.CreatePlantBean doCreateNewPlant
INFORMATION: CREATED PLANT: 100
Mai 18, 2023 9:33:24 PM at.qe.skeleton.ui.beans.CreateSensorStationBean doCreateNewCreateSensorStation
INFORMATION: CREATED SENSOR STATION: SensorStation
Mai 18, 2023 9:33:47 PM at.qe.skeleton.ui.beans.CreateAccessPointBean doCreateNewAccessPoint
INFORMATION: CREATED ACCESSPOINT: 1
Mai 18, 2023 9:34:02 PM at.qe.skeleton.ui.beans.CreateUserBean createNewUser
INFORMATION: CREATED USER: username
Mai 18, 2023 9:41:09 PM at.qe.skeleton.ui.beans.CreatePlantBean doCreateNewPlant
INFORMATION: CREATED PLANT: 100
Mai 18, 2023 9:41:21 PM at.qe.skeleton.ui.beans.CreateSensorStationBean doCreateNewCreateSensorStation
INFORMATION: CREATED SENSOR STATION: SensorStation
Mai 18, 2023 9:41:58 PM at.qe.skeleton.ui.beans.CreateAccessPointBean doCreateNewAccessPoint
INFORMATION: CREATED ACCESSPOINT: 1
Mai 18, 2023 9:42:24 PM at.qe.skeleton.ui.beans.CreateUserBean createNewUser
INFORMATION: CREATED USER: username
Mai 18, 2023 9:49:25 PM at.qe.skeleton.ui.beans.CreatePlantBean doCreateNewPlant
INFORMATION: CREATED PLANT: 100
Mai 18, 2023 9:49:36 PM at.qe.skeleton.ui.beans.CreateSensorStationBean doCreateNewCreateSensorStation
INFORMATION: CREATED SENSOR STATION: SensorStation
Mai 18, 2023 9:49:59 PM at.qe.skeleton.ui.beans.CreateAccessPointBean doCreateNewAccessPoint
INFORMATION: CREATED ACCESSPOINT: 1
Mai 18, 2023 9:50:13 PM at.qe.skeleton.ui.beans.CreateUserBean createNewUser
INFORMATION: CREATED USER: username
Mai 18, 2023 10:08:23 PM at.qe.skeleton.ui.beans.CreatePlantBean doCreateNewPlant
INFORMATION: CREATED PLANT: 100
Mai 18, 2023 10:08:34 PM at.qe.skeleton.ui.beans.CreateSensorStationBean doCreateNewCreateSensorStation
INFORMATION: CREATED SENSOR STATION: SensorStation
Mai 18, 2023 10:08:56 PM at.qe.skeleton.ui.beans.CreateAccessPointBean doCreateNewAccessPoint
INFORMATION: CREATED ACCESSPOINT: 1
Mai 18, 2023 10:09:11 PM at.qe.skeleton.ui.beans.CreateUserBean createNewUser
INFORMATION: CREATED USER: username
May 19, 2023 9:11:28 AM at.qe.skeleton.ui.controllers.FileUploadController handleFileUpload
INFO: UPLOADED IMAGE: -44
May 19, 2023 9:11:28 AM at.qe.skeleton.ui.controllers.FileUploadController handleFileUpload
INFO: UPLOADED IMAGE: -43
May 19, 2023 9:11:28 AM at.qe.skeleton.ui.controllers.FileUploadController handleFileUpload
INFO: UPLOADED IMAGE: -46
May 19, 2023 9:11:28 AM at.qe.skeleton.ui.controllers.FileUploadController handleFileUpload
INFO: UPLOADED IMAGE: -45
May 19, 2023 9:11:28 AM at.qe.skeleton.ui.controllers.FileUploadController handleFileUpload
INFO: UPLOADED IMAGE: -47
May 19, 2023 9:11:29 AM at.qe.skeleton.ui.controllers.FileUploadController handleFileUpload
INFO: UPLOADED IMAGE: -42
May 19, 2023 9:11:29 AM at.qe.skeleton.ui.controllers.FileUploadController handleFileUpload
INFO: UPLOADED IMAGE: -41
May 19, 2023 9:11:29 AM at.qe.skeleton.ui.controllers.FileUploadController handleFileUpload
INFO: UPLOADED IMAGE: -40
May 19, 2023 9:11:29 AM at.qe.skeleton.ui.controllers.FileUploadController handleFileUpload
INFO: UPLOADED IMAGE: -39
May 19, 2023 9:11:29 AM at.qe.skeleton.ui.controllers.FileUploadController handleFileUpload
INFO: UPLOADED IMAGE: -38
May 19, 2023 9:12:20 AM at.qe.skeleton.ui.controllers.GalleryController approveImage
INFO: IMAGE APPROVED: -42
May 19, 2023 9:12:24 AM at.qe.skeleton.ui.controllers.GalleryController approveImage
INFO: IMAGE APPROVED: -47
May 19, 2023 9:21:45 AM at.qe.skeleton.ui.controllers.GalleryController doDeleteImage
INFO: IMAGE DELETED: -42
May 19, 2023 9:21:46 AM at.qe.skeleton.ui.controllers.GalleryController doDeleteImage
INFO: IMAGE DELETED: -47
May 19, 2023 9:21:48 AM at.qe.skeleton.ui.controllers.GalleryController doDeleteImage
INFO: IMAGE DELETED: -46
May 19, 2023 9:21:49 AM at.qe.skeleton.ui.controllers.GalleryController doDeleteImage
INFO: IMAGE DELETED: -45
May 19, 2023 9:21:50 AM at.qe.skeleton.ui.controllers.GalleryController doDeleteImage
INFO: IMAGE DELETED: -44
May 19, 2023 9:21:51 AM at.qe.skeleton.ui.controllers.GalleryController doDeleteImage
INFO: IMAGE DELETED: -43
May 19, 2023 9:21:51 AM at.qe.skeleton.ui.controllers.GalleryController doDeleteImage
INFO: IMAGE DELETED: -41
May 19, 2023 9:21:52 AM at.qe.skeleton.ui.controllers.GalleryController doDeleteImage
INFO: IMAGE DELETED: -40
May 19, 2023 9:21:53 AM at.qe.skeleton.ui.controllers.GalleryController doDeleteImage
INFO: IMAGE DELETED: -39
May 19, 2023 9:21:54 AM at.qe.skeleton.ui.controllers.GalleryController doDeleteImage
INFO: IMAGE DELETED: -38
May 19, 2023 9:22:55 AM at.qe.skeleton.ui.controllers.FileUploadController handleFileUpload
INFO: UPLOADED IMAGE: -37
May 19, 2023 9:23:02 AM at.qe.skeleton.ui.controllers.FileUploadController handleFileUpload
INFO: UPLOADED IMAGE: -36
May 19, 2023 9:23:08 AM at.qe.skeleton.ui.controllers.FileUploadController handleFileUpload
INFO: UPLOADED IMAGE: -35
May 19, 2023 9:23:39 AM at.qe.skeleton.ui.controllers.GalleryController approveImage
INFO: IMAGE APPROVED: -37
May 19, 2023 9:24:59 AM at.qe.skeleton.ui.controllers.GalleryController approveImage
INFO: IMAGE APPROVED: -35
May 19, 2023 9:39:03 AM at.qe.skeleton.ui.controllers.GalleryController doDeleteImage
INFO: IMAGE DELETED: -37
May 19, 2023 9:39:42 AM at.qe.skeleton.ui.controllers.FileUploadController handleFileUpload
INFO: UPLOADED IMAGE: -34
May 19, 2023 9:50:26 AM at.qe.skeleton.ui.controllers.GalleryController doDeleteImage
INFO: IMAGE DELETED: -35
May 19, 2023 9:52:55 AM at.qe.skeleton.ui.controllers.GalleryController approveImage
INFO: IMAGE APPROVED: -36
Jun 06, 2023 1:16:22 PM at.qe.skeleton.ui.beans.CreateSensorStationBean doCreateNewCreateSensorStation
INFO: CREATED SENSOR STATION: asd
Jun 06, 2023 1:47:32 PM at.qe.skeleton.ui.beans.CreateAccessPointBean doCreateNewAccessPoint
INFO: CREATED ACCESSPOINT: 1
Jun 06, 2023 1:48:06 PM at.qe.skeleton.ui.controllers.AccessPointController doValidateAccessPoint
INFO: ACCESS POINT VALIDATED: 1
Jun 06, 2023 1:48:11 PM at.qe.skeleton.ui.controllers.AccessPointController doDeleteAccessPoint
INFO: DELETED AP: 1
Jun 06, 2023 1:48:15 PM at.qe.skeleton.ui.beans.CreateAccessPointBean doCreateNewAccessPoint
INFO: CREATED ACCESSPOINT: 2
Jun 06, 2023 1:48:57 PM at.qe.skeleton.ui.controllers.SensorStationDetailController doDeleteSensorStation
INFO: SENSOR STATION DELETED: asd
Jun 06, 2023 1:49:00 PM at.qe.skeleton.ui.beans.CreateSensorStationBean doCreateNewCreateSensorStation
INFO: CREATED SENSOR STATION: asdasd
